<?xml version="1.0" encoding="UTF-8"?>
<testsuite name="Runner.ASX_runner" tests="0" skipped="0" failures="0" errors="0" timestamp="1970-01-01T00:00:00" hostname="PS-UVWGMOWB01" time="0.0">
  <properties/>
  <system-out><![CDATA[]]></system-out>
  <system-err><![CDATA[WARNING: Found tags option '@ASX_BUY_Order_All_Fields,@Retrive_ASX_BUYL_Order_Response,@ASX_CANCEL_Order_All_Fields,@Retrive_CANCEl_Order_Response'. Support for '@tag1,@tag2' will be removed from the next release of Cucumber-JVM. Please use '@tag or @tag2' instead
]]></system-err>
</testsuite>
